{
  "RSpec": {
    "coverage": {
      "/home/ediff/dispatch/spec/lib/news_packer_spec.rb": [
        1,
        1,
        1,
        1,
        7,
        7,
        7,
        7,
        7,
        null,
        1,
        1,
        1,
        1,
        null,
        1,
        1,
        1,
        1,
        0,
        null,
        1,
        null,
        1,
        null,
        null,
        1,
        1,
        1,
        1,
        null,
        1,
        1,
        1,
        1,
        0,
        null,
        1,
        null,
        1,
        null,
        null,
        1,
        1,
        1,
        1,
        1,
        null,
        null,
        1,
        1,
        1,
        1,
        null,
        null,
        1,
        2,
        2,
        2,
        2,
        1,
        1,
        1,
        null,
        null,
        null
      ],
      "/home/ediff/dispatch/lib/news_packer.rb": [
        1,
        1,
        1,
        null,
        null,
        1,
        2,
        2,
        2,
        null,
        2,
        null,
        null,
        null,
        null,
        null,
        null,
        null,
        2,
        2,
        null,
        2,
        24,
        null,
        2,
        null,
        2,
        null,
        2,
        6,
        null,
        null,
        null,
        2,
        2,
        2,
        null,
        2,
        2,
        null,
        2,
        null,
        22,
        null,
        null,
        null,
        2,
        2,
        2,
        null,
        2,
        null,
        2,
        6,
        null,
        null,
        2,
        null,
        null,
        null,
        null,
        null,
        null,
        1,
        3,
        3,
        3,
        null,
        3,
        null,
        null,
        null,
        null,
        null,
        null,
        null,
        3,
        3,
        null,
        3,
        36,
        null,
        3,
        null,
        3,
        null,
        3,
        9,
        null,
        null,
        null,
        3,
        3,
        3,
        null,
        3,
        3,
        null,
        3,
        null,
        33,
        null,
        null,
        null,
        3,
        3,
        3,
        null,
        3,
        null,
        3,
        9,
        null,
        null,
        3,
        null,
        null,
        null,
        null,
        null,
        1,
        1,
        null,
        null,
        null,
        null,
        null,
        1,
        2,
        null,
        null,
        null,
        2,
        2,
        2,
        2,
        2,
        null,
        null,
        null,
        null,
        null,
        1,
        3,
        3,
        3,
        3,
        3,
        null,
        null,
        null,
        null,
        null,
        null,
        3,
        3,
        3,
        3,
        3,
        null,
        null,
        null,
        null,
        null,
        1,
        10,
        10,
        10,
        10,
        10,
        null,
        null,
        null,
        null,
        null,
        null,
        10,
        10,
        10,
        10,
        10,
        null,
        null,
        null,
        null,
        null,
        null,
        1,
        5,
        5,
        5,
        5,
        5,
        null,
        null,
        null,
        null,
        null,
        null,
        5,
        5,
        5,
        5,
        5,
        null,
        null,
        null,
        null,
        null,
        null,
        1,
        2,
        2,
        2,
        null,
        2,
        null,
        null,
        null,
        null,
        null,
        null,
        2,
        null,
        2,
        24,
        1,
        0,
        null,
        1,
        1,
        null,
        23,
        null,
        null,
        2,
        1,
        1,
        null,
        1,
        null,
        2,
        1,
        null,
        2,
        null,
        null,
        null,
        null
      ],
      "/home/ediff/dispatch/spec/rails_helper.rb": [
        null,
        1,
        1,
        1,
        null,
        1,
        1,
        null,
        null,
        null,
        null,
        null,
        null,
        null,
        null,
        null,
        null,
        null,
        null,
        null,
        null,
        null,
        null,
        null,
        null,
        null,
        1,
        null,
        1,
        null,
        1,
        null,
        null,
        null,
        null,
        1,
        null,
        null,
        null,
        null,
        null,
        null,
        null,
        null,
        null,
        null,
        null,
        null,
        null,
        null,
        1,
        null,
        null,
        1,
        null,
        null,
        null
      ],
      "/home/ediff/dispatch/app/models/admin_user.rb": [
        1,
        1,
        null
      ],
      "/home/ediff/dispatch/app/models/application_record.rb": [
        1,
        1,
        null
      ],
      "/home/ediff/dispatch/app/models/user.rb": [
        1,
        null,
        null,
        1,
        null,
        null,
        1,
        1,
        1,
        1,
        null,
        null,
        1,
        22,
        null,
        null,
        1,
        0,
        0,
        0,
        null,
        null,
        null,
        0,
        0,
        0,
        null,
        0,
        null,
        0,
        null,
        0,
        0,
        null,
        0,
        0,
        null,
        0,
        null,
        0,
        0,
        0,
        null,
        0,
        null,
        0,
        null,
        0,
        0,
        0,
        null,
        0,
        null,
        0,
        0,
        null,
        null,
        null,
        0,
        null,
        null,
        1,
        35,
        null,
        null,
        1,
        22,
        null,
        null,
        null,
        1,
        0,
        0,
        0,
        0,
        null,
        null,
        0,
        null,
        null,
        null,
        null,
        null,
        1,
        44,
        null,
        null
      ],
      "/home/ediff/dispatch/app/helpers/application_helper.rb": [
        1,
        null
      ],
      "/home/ediff/dispatch/app/helpers/home_helper.rb": [
        1,
        null
      ],
      "/home/ediff/dispatch/app/helpers/news_helper.rb": [
        1,
        null
      ],
      "/home/ediff/dispatch/app/helpers/news_chooser_helper.rb": [
        1,
        null
      ],
      "/home/ediff/dispatch/app/helpers/notifications_helper.rb": [
        1,
        null
      ],
      "/home/ediff/dispatch/app/helpers/omniauth_callbacks_helper.rb": [
        1,
        null
      ],
      "/home/ediff/dispatch/app/helpers/taged_news_helper.rb": [
        1,
        null
      ],
      "/home/ediff/dispatch/app/helpers/tasks_helper.rb": [
        1,
        null
      ],
      "/home/ediff/dispatch/app/helpers/users_helper.rb": [
        1,
        null
      ],
      "/home/ediff/dispatch/spec/models/news_chooser_spec.rb": [
        1,
        1,
        1,
        7,
        7,
        7,
        7,
        null,
        1,
        1,
        1,
        1,
        1,
        null,
        1,
        1,
        1,
        1,
        1,
        1,
        null,
        null,
        1,
        1,
        1,
        1,
        null,
        1,
        1,
        1,
        1,
        1,
        null,
        null,
        1,
        1,
        1,
        1,
        null,
        1,
        1,
        1,
        1,
        1,
        null,
        null,
        null
      ],
      "/home/ediff/dispatch/app/models/news_chooser.rb": [
        1,
        1,
        null,
        1,
        3,
        3,
        null,
        3,
        2,
        null,
        1,
        null,
        null,
        3,
        3,
        null,
        null,
        1,
        3,
        3,
        null,
        3,
        2,
        null,
        1,
        null,
        null,
        3,
        null,
        null,
        1,
        3,
        3,
        null,
        3,
        2,
        null,
        1,
        null,
        null,
        3,
        null,
        null
      ],
      "/home/ediff/dispatch/spec/models/notification_spec.rb": [
        1,
        1,
        1,
        2,
        2,
        2,
        2,
        1,
        1,
        null,
        null,
        null,
        1,
        5,
        5,
        5,
        1,
        1,
        1,
        null,
        null,
        1,
        1,
        1,
        null,
        null,
        1,
        1,
        1,
        null,
        1,
        1,
        1,
        null,
        null,
        null
      ],
      "/home/ediff/dispatch/app/models/notification.rb": [
        1,
        1,
        1,
        null,
        1,
        20,
        null,
        null
      ],
      "/home/ediff/dispatch/spec/models/taged_news_spec.rb": [
        1,
        1,
        1,
        3,
        3,
        3,
        3,
        1,
        1,
        1,
        null,
        1,
        1,
        1,
        null,
        null,
        null
      ],
      "/home/ediff/dispatch/app/models/taged_news.rb": [
        1,
        1,
        1,
        1,
        null,
        1,
        10,
        10,
        null,
        null,
        1,
        null,
        1,
        10,
        2,
        null,
        8,
        null,
        10,
        10,
        2,
        null,
        8,
        null,
        null,
        null
      ],
      "/home/ediff/dispatch/spec/models/task_spec.rb": [
        1,
        1,
        1,
        1,
        2,
        2,
        2,
        1,
        1,
        1,
        1,
        null,
        null,
        1,
        2,
        2,
        2,
        2,
        1,
        1,
        null,
        null,
        null
      ],
      "/home/ediff/dispatch/app/models/task.rb": [
        1,
        1,
        1,
        2,
        2,
        2,
        null,
        null,
        1,
        null,
        1,
        1,
        1,
        null,
        null
      ],
      "/home/ediff/dispatch/spec/models/user_spec.rb": [
        1,
        1,
        null,
        null
      ],
      "/home/ediff/dispatch/app/mailers/user_registration_mailer.rb": [
        1,
        null,
        1,
        0,
        0,
        null,
        null
      ],
      "/home/ediff/dispatch/app/mailers/application_mailer.rb": [
        1,
        1,
        1,
        null
      ],
      "/home/ediff/dispatch/app/models/statistic.rb": [
        1,
        null
      ],
      "/home/ediff/dispatch/app/mailers/task_mailer.rb": [
        1,
        null,
        1,
        0,
        0,
        0,
        null,
        null
      ]
    },
    "timestamp": 1525272497
  }
}
